Warning: QPainter::begin: Paint device returned engine == 0, type: 1
Warning: QPainter::setPen: Painter not active
Warning: QPainter::setBrush: Painter not active
Warning: QPainter::setRenderHint: Painter must be active to set rendering hints
Warning: QPainter::setPen: Painter not active
Debug: "00:23:35 ..\..\src\bulkeditorcontroller.cpp:192 IT: Set Volume" 
Debug: "00:23:35 ..\..\src\bulkeditorcontroller.cpp:192 IT: Set Volume" 
Debug: "00:23:35 ..\..\src\bulkeditorcontroller.cpp:192 IT: Set Volume" 
Debug: "00:23:35 ..\..\src\bulkeditorcontroller.cpp:192 IT: Set Volume" 
Debug: "00:23:35 ..\..\src\bulkeditorcontroller.cpp:192 IT: Set Volume" 
Debug: "00:23:35 ..\..\src\bulkeditorcontroller.cpp:192 IT: Set Volume" 
Debug: "00:23:35 ..\..\src\bulkeditorcontroller.cpp:192 IT: Set Volume" 
Debug: "00:23:35 ..\..\src\bulkeditorcontroller.cpp:192 IT: Set Volume" 
Debug: "00:23:35 ..\..\src\bulkeditorcontroller.cpp:192 IT: Set Volume" 
Debug: "00:23:35 ..\..\src\bulkeditorcontroller.cpp:192 IT: Set Volume" 
Debug: "00:23:35 ..\..\src\bulkeditorcontroller.cpp:192 IT: Set Volume" 
Debug: "00:23:35 ..\..\src\bulkeditorcontroller.cpp:192 IT: Set Volume" 
Debug: "00:23:35 ..\..\src\bulkeditorcontroller.cpp:192 IT: Set Volume" 
Debug: "00:23:35 ..\..\src\bulkeditorcontroller.cpp:192 IT: Set Volume" 
Debug: "00:23:35 ..\..\src\bulkeditorcontroller.cpp:192 IT: Set Volume" 
Debug: "00:23:35 ..\..\src\bulkeditorcontroller.cpp:192 IT: Set Volume" 
Debug: "00:23:35 ..\..\src\bulkeditorcontroller.cpp:192 IT: Set Volume" 
Debug: "00:23:35 ..\..\src\bulkeditorcontroller.cpp:192 IT: Set Volume" 
Debug: "00:23:35 ..\..\src\bulkeditorcontroller.cpp:192 IT: Set Volume" 
Debug: "00:23:35 ..\..\src\bulkeditorcontroller.cpp:192 IT: Set Volume" 
Debug: "00:23:35 ..\..\src\bulkeditorcontroller.cpp:192 IT: Set Volume" 
Debug: "00:23:35 ..\..\src\bulkeditorcontroller.cpp:192 IT: Set Volume" 
Debug: "00:23:35 ..\..\src\bulkeditorcontroller.cpp:192 IT: Set Volume" 
Debug: "00:23:35 ..\..\src\bulkeditorcontroller.cpp:192 IT: Set Volume" 
Debug: "00:23:35 ..\..\src\bulkeditorcontroller.cpp:192 IT: Set Volume" 
Debug: "00:23:35 ..\..\src\bulkeditorcontroller.cpp:192 IT: Set Volume" 
Debug: "00:23:35 ..\..\src\bulkeditorcontroller.cpp:192 IT: Set Volume" 
Debug: "00:23:35 ..\..\src\bulkeditorcontroller.cpp:192 IT: Set Volume" 
Debug: "00:23:35 ..\..\src\bulkeditorcontroller.cpp:192 IT: Set Volume" 
Debug: "00:23:35 ..\..\src\bulkeditorcontroller.cpp:192 IT: Set Volume" 
Debug: "00:23:35 ..\..\src\bulkeditorcontroller.cpp:192 IT: Set Volume" 
Debug: "00:23:35 ..\..\src\bulkeditorcontroller.cpp:192 IT: Set Volume" 
Debug: "00:23:35 ..\..\src\bulkeditorcontroller.cpp:192 IT: Set Volume" 
Debug: "00:23:35 ..\..\src\bulkeditorcontroller.cpp:192 IT: Set Volume" 
Debug: "00:23:35 ..\..\src\bulkeditorcontroller.cpp:192 IT: Set Volume" 
Debug: "00:23:35 ..\..\src\bulkeditorcontroller.cpp:192 IT: Set Volume" 
Debug: "00:23:35 ..\..\src\bulkeditorcontroller.cpp:192 IT: Set Volume" 
Debug: "00:23:35 ..\..\src\bulkeditorcontroller.cpp:192 IT: Set Volume" 
Debug: "00:23:35 ..\..\src\bulkeditorcontroller.cpp:192 IT: Set Volume" 
Debug: "00:23:35 ..\..\src\bulkeditorcontroller.cpp:192 IT: Set Volume" 
Debug: "00:23:35 ..\..\src\bulkeditorcontroller.cpp:192 IT: Set Volume" 
Debug: "00:23:35 ..\..\src\bulkeditorcontroller.cpp:192 IT: Set Volume" 
Debug: "00:23:35 ..\..\src\bulkeditorcontroller.cpp:192 IT: Set Volume" 
Debug: "00:23:35 ..\..\src\bulkeditorcontroller.cpp:192 IT: Set Volume" 
Debug: "00:23:35 ..\..\src\bulkeditorcontroller.cpp:192 IT: Set Volume" 
Debug: "00:23:35 ..\..\src\bulkeditorcontroller.cpp:192 IT: Set Volume" 
Debug: "00:23:35 ..\..\src\bulkeditorcontroller.cpp:192 IT: Set Volume" 
Debug: "00:23:35 ..\..\src\bulkeditorcontroller.cpp:192 IT: Set Volume" 
Debug: "00:23:35 ..\..\src\bulkeditorcontroller.cpp:192 IT: Set Volume" 
Debug: "00:23:35 ..\..\src\bulkeditorcontroller.cpp:192 IT: Set Volume" 
Debug: "00:23:35 ..\..\src\bulkeditorcontroller.cpp:192 IT: Set Volume" 
Debug: "00:23:35 ..\..\src\bulkeditorcontroller.cpp:192 IT: Set Volume" 
Debug: "00:23:35 ..\..\src\bulkeditorcontroller.cpp:192 IT: Set Volume" 
Debug: "00:23:35 ..\..\src\bulkeditorcontroller.cpp:192 IT: Set Volume" 
Debug: "00:23:35 ..\..\src\bulkeditorcontroller.cpp:192 IT: Set Volume" 
Debug: "00:23:35 ..\..\src\bulkeditorcontroller.cpp:192 IT: Set Volume" 
Debug: "00:23:35 ..\..\src\bulkeditorcontroller.cpp:192 IT: Set Volume" 
Debug: "00:23:35 ..\..\src\bulkeditorcontroller.cpp:192 IT: Set Volume" 
Debug: "00:23:35 ..\..\src\bulkeditorcontroller.cpp:192 IT: Set Volume" 
Debug: "00:23:35 ..\..\src\bulkeditorcontroller.cpp:192 IT: Set Volume" 
Debug: "00:23:35 ..\..\src\bulkeditorcontroller.cpp:192 IT: Set Volume" 
Debug: "00:23:35 ..\..\src\bulkeditorcontroller.cpp:192 IT: Set Volume" 
Debug: "00:23:35 ..\..\src\bulkeditorcontroller.cpp:192 IT: Set Volume" 
Debug: "00:23:35 ..\..\src\bulkeditorcontroller.cpp:192 IT: Set Volume" 
Debug: "00:23:35 ..\..\src\bulkeditorcontroller.cpp:192 IT: Set Volume" 
Debug: "00:23:35 ..\..\src\bulkeditorcontroller.cpp:192 IT: Set Volume" 
Debug: "00:23:35 ..\..\src\bulkeditorcontroller.cpp:192 IT: Set Volume" 
Debug: "00:23:35 ..\..\src\bulkeditorcontroller.cpp:192 IT: Set Volume" 
Debug: "00:23:35 ..\..\src\bulkeditorcontroller.cpp:192 IT: Set Volume" 
Debug: "00:23:35 ..\..\src\bulkeditorcontroller.cpp:192 IT: Set Volume" 
Debug: "00:23:35 ..\..\src\bulkeditorcontroller.cpp:192 IT: Set Volume" 
Debug: "00:23:35 ..\..\src\bulkeditorcontroller.cpp:192 IT: Set Volume" 
Debug: "00:23:35 ..\..\src\bulkeditorcontroller.cpp:192 IT: Set Volume" 
Debug: "00:23:35 ..\..\src\bulkeditorcontroller.cpp:192 IT: Set Volume" 
Debug: "00:23:35 ..\..\src\bulkeditorcontroller.cpp:192 IT: Set Volume" 
Debug: "00:23:35 ..\..\src\bulkeditorcontroller.cpp:192 IT: Set Volume" 
Debug: "00:23:35 ..\..\src\bulkeditorcontroller.cpp:192 IT: Set Volume" 
Debug: "00:23:35 ..\..\src\bulkeditorcontroller.cpp:192 IT: Set Volume" 
Debug: "00:23:35 ..\..\src\bulkeditorcontroller.cpp:192 IT: Set Volume" 
Debug: "00:23:35 ..\..\src\bulkeditorcontroller.cpp:192 IT: Set Volume" 
Debug: "00:23:35 ..\..\src\bulkeditorcontroller.cpp:192 IT: Set Volume" 
Debug: "00:23:35 ..\..\src\bulkeditorcontroller.cpp:192 IT: Set Volume" 
Debug: "00:23:35 ..\..\src\bulkeditorcontroller.cpp:192 IT: Set Volume" 
Debug: "00:23:35 ..\..\src\bulkeditorcontroller.cpp:192 IT: Set Volume" 
Debug: "00:23:35 ..\..\src\bulkeditorcontroller.cpp:192 IT: Set Volume" 
Debug: "00:23:35 ..\..\src\bulkeditorcontroller.cpp:192 IT: Set Volume" 
Debug: "00:23:35 ..\..\src\bulkeditorcontroller.cpp:192 IT: Set Volume" 
Debug: "00:23:35 ..\..\src\bulkeditorcontroller.cpp:192 IT: Set Volume" 
Debug: "00:23:35 ..\..\src\bulkeditorcontroller.cpp:192 IT: Set Volume" 
Debug: "00:23:35 ..\..\src\bulkeditorcontroller.cpp:192 IT: Set Volume" 
Debug: "00:23:35 ..\..\src\bulkeditorcontroller.cpp:192 IT: Set Volume" 
Debug: "00:23:35 ..\..\src\bulkeditorcontroller.cpp:192 IT: Set Volume" 
Debug: "00:23:35 ..\..\src\bulkeditorcontroller.cpp:192 IT: Set Volume" 
Debug: "00:23:35 ..\..\src\bulkeditorcontroller.cpp:192 IT: Set Volume" 
Debug: "00:23:35 ..\..\src\bulkeditorcontroller.cpp:192 IT: Set Volume" 
Debug: "00:23:35 ..\..\src\bulkeditorcontroller.cpp:192 IT: Set Volume" 
Debug: "00:23:35 ..\..\src\bulkeditorcontroller.cpp:192 IT: Set Volume" 
Debug: "00:23:35 ..\..\src\bulkeditorcontroller.cpp:192 IT: Set Volume" 
Debug: "00:23:35 ..\..\src\bulkeditorcontroller.cpp:192 IT: Set Volume" 
Debug: "00:23:35 ..\..\src\bulkeditorcontroller.cpp:192 IT: Set Volume" 
Debug: "00:23:35 ..\..\src\bulkeditorcontroller.cpp:192 IT: Set Volume" 
Debug: "00:23:35 ..\..\src\bulkeditorcontroller.cpp:192 IT: Set Volume" 
Debug: "00:23:35 ..\..\src\bulkeditorcontroller.cpp:192 IT: Set Volume" 
Debug: "00:23:35 ..\..\src\bulkeditorcontroller.cpp:192 IT: Set Volume" 
Debug: "00:23:35 ..\..\src\bulkeditorcontroller.cpp:192 IT: Set Volume" 
Debug: "00:23:35 ..\..\src\bulkeditorcontroller.cpp:192 IT: Set Volume" 
Debug: "00:23:35 ..\..\src\bulkeditorcontroller.cpp:192 IT: Set Volume" 
Debug: "00:23:35 ..\..\src\bulkeditorcontroller.cpp:192 IT: Set Volume" 
Debug: "00:23:35 ..\..\src\bulkeditorcontroller.cpp:192 IT: Set Volume" 
Debug: "00:23:35 ..\..\src\bulkeditorcontroller.cpp:192 IT: Set Volume" 
Debug: "00:23:35 ..\..\src\bulkeditorcontroller.cpp:192 IT: Set Volume" 
Debug: "00:23:35 ..\..\src\bulkeditorcontroller.cpp:192 IT: Set Volume" 
Debug: "00:23:35 ..\..\src\bulkeditorcontroller.cpp:192 IT: Set Volume" 
Debug: "00:23:35 ..\..\src\bulkeditorcontroller.cpp:192 IT: Set Volume" 
Debug: "00:23:35 ..\..\src\bulkeditorcontroller.cpp:192 IT: Set Volume" 
Debug: "00:23:35 ..\..\src\bulkeditorcontroller.cpp:192 IT: Set Volume" 
Debug: "00:23:35 ..\..\src\bulkeditorcontroller.cpp:192 IT: Set Volume" 
Debug: "00:23:35 ..\..\src\bulkeditorcontroller.cpp:192 IT: Set Volume" 
Debug: "00:23:35 ..\..\src\bulkeditorcontroller.cpp:192 IT: Set Volume" 
Debug: "00:23:35 ..\..\src\bulkeditorcontroller.cpp:192 IT: Set Volume" 
Debug: "00:23:35 ..\..\src\bulkeditorcontroller.cpp:192 IT: Set Volume" 
Debug: "00:23:35 ..\..\src\bulkeditorcontroller.cpp:192 IT: Set Volume" 
Debug: "00:23:35 ..\..\src\bulkeditorcontroller.cpp:192 IT: Set Volume" 
Debug: "00:23:35 ..\..\src\bulkeditorcontroller.cpp:192 IT: Set Volume" 
Debug: "00:23:35 ..\..\src\bulkeditorcontroller.cpp:192 IT: Set Volume" 
Debug: "00:23:35 ..\..\src\bulkeditorcontroller.cpp:192 IT: Set Volume" 
Debug: "00:23:35 ..\..\src\bulkeditorcontroller.cpp:192 IT: Set Volume" 
Debug: "00:23:35 ..\..\src\bulkeditorcontroller.cpp:192 IT: Set Volume" 
Debug: "00:23:35 ..\..\src\bulkeditorcontroller.cpp:192 IT: Set Volume" 
Debug: "00:23:35 ..\..\src\bulkeditorcontroller.cpp:192 IT: Set Volume" 
Debug: "00:23:35 ..\..\src\bulkeditorcontroller.cpp:192 IT: Set Volume" 
Debug: "00:23:35 ..\..\src\bulkeditorcontroller.cpp:192 IT: Set Volume" 
Debug: "00:23:35 ..\..\src\bulkeditorcontroller.cpp:192 IT: Set Volume" 
Debug: "00:23:35 ..\..\src\bulkeditorcontroller.cpp:192 IT: Set Volume" 
Debug: "00:23:35 ..\..\src\bulkeditorcontroller.cpp:192 IT: Set Volume" 
Debug: "00:23:35 ..\..\src\bulkeditorcontroller.cpp:192 IT: Set Volume" 
Debug: "00:23:35 ..\..\src\bulkeditorcontroller.cpp:192 IT: Set Volume" 
Debug: "00:23:35 ..\..\src\bulkeditorcontroller.cpp:192 IT: Set Volume" 
Debug: "00:23:35 ..\..\src\bulkeditorcontroller.cpp:192 IT: Set Volume" 
Debug: "00:23:35 ..\..\src\bulkeditorcontroller.cpp:192 IT: Set Volume" 
Debug: "00:23:35 ..\..\src\bulkeditorcontroller.cpp:192 IT: Set Volume" 
Debug: "00:23:35 ..\..\src\bulkeditorcontroller.cpp:192 IT: Set Volume" 
Debug: "00:23:35 ..\..\src\bulkeditorcontroller.cpp:192 IT: Set Volume" 
Debug: "00:23:35 ..\..\src\bulkeditorcontroller.cpp:192 IT: Set Volume" 
Debug: "00:23:35 ..\..\src\bulkeditorcontroller.cpp:192 IT: Set Volume" 
Debug: "00:23:35 ..\..\src\bulkeditorcontroller.cpp:192 IT: Set Volume" 
Debug: "00:23:35 ..\..\src\bulkeditorcontroller.cpp:192 IT: Set Volume" 
Debug: "00:23:35 ..\..\src\bulkeditorcontroller.cpp:192 IT: Set Volume" 
Debug: "00:23:35 ..\..\src\bulkeditorcontroller.cpp:192 IT: Set Volume" 
Debug: "00:23:35 ..\..\src\bulkeditorcontroller.cpp:192 IT: Set Volume" 
Debug: "00:23:35 ..\..\src\bulkeditorcontroller.cpp:192 IT: Set Volume" 
Debug: "00:23:35 ..\..\src\bulkeditorcontroller.cpp:192 IT: Set Volume" 
Debug: "00:23:35 ..\..\src\bulkeditorcontroller.cpp:192 IT: Set Volume" 
Debug: "00:23:35 ..\..\src\bulkeditorcontroller.cpp:192 IT: Set Volume" 
Debug: "00:23:35 ..\..\src\bulkeditorcontroller.cpp:192 IT: Set Volume" 
Debug: "00:23:35 ..\..\src\bulkeditorcontroller.cpp:192 IT: Set Volume" 
Debug: "00:23:35 ..\..\src\bulkeditorcontroller.cpp:192 IT: Set Volume" 
Debug: "00:23:35 ..\..\src\bulkeditorcontroller.cpp:192 IT: Set Volume" 
Debug: "00:23:35 ..\..\src\bulkeditorcontroller.cpp:192 IT: Set Volume" 
Debug: "00:23:35 ..\..\src\bulkeditorcontroller.cpp:192 IT: Set Volume" 
Debug: "00:23:35 ..\..\src\bulkeditorcontroller.cpp:192 IT: Set Volume" 
Debug: "00:23:35 ..\..\src\bulkeditorcontroller.cpp:192 IT: Set Volume" 
Debug: "00:23:35 ..\..\src\bulkeditorcontroller.cpp:192 IT: Set Volume" 
Debug: "00:23:35 ..\..\src\bulkeditorcontroller.cpp:192 IT: Set Volume" 
Debug: "00:23:35 ..\..\src\bulkeditorcontroller.cpp:192 IT: Set Volume" 
Debug: "00:23:35 ..\..\src\bulkeditorcontroller.cpp:192 IT: Set Volume" 
Debug: "00:23:35 ..\..\src\bulkeditorcontroller.cpp:192 IT: Set Volume" 
Debug: "00:23:35 ..\..\src\bulkeditorcontroller.cpp:192 IT: Set Volume" 
Debug: "00:23:35 ..\..\src\bulkeditorcontroller.cpp:192 IT: Set Volume" 
Debug: "00:23:35 ..\..\src\bulkeditorcontroller.cpp:192 IT: Set Volume" 
Debug: "00:23:35 ..\..\src\bulkeditorcontroller.cpp:192 IT: Set Volume" 
Debug: "00:23:35 ..\..\src\bulkeditorcontroller.cpp:192 IT: Set Volume" 
Debug: "00:23:35 ..\..\src\bulkeditorcontroller.cpp:192 IT: Set Volume" 
Debug: "00:23:35 ..\..\src\bulkeditorcontroller.cpp:192 IT: Set Volume" 
Debug: "00:23:35 ..\..\src\bulkeditorcontroller.cpp:192 IT: Set Volume" 
Debug: "00:23:35 ..\..\src\bulkeditorcontroller.cpp:192 IT: Set Volume" 
Debug: "00:23:35 ..\..\src\bulkeditorcontroller.cpp:192 IT: Set Volume" 
Debug: "00:23:35 ..\..\src\bulkeditorcontroller.cpp:192 IT: Set Volume" 
Debug: "00:23:35 ..\..\src\bulkeditorcontroller.cpp:192 IT: Set Volume" 
Debug: "00:23:35 ..\..\src\bulkeditorcontroller.cpp:192 IT: Set Volume" 
Debug: "00:23:35 ..\..\src\bulkeditorcontroller.cpp:192 IT: Set Volume" 
Debug: "00:23:35 ..\..\src\bulkeditorcontroller.cpp:192 IT: Set Volume" 
Debug: "00:23:35 ..\..\src\bulkeditorcontroller.cpp:192 IT: Set Volume" 
Debug: "00:23:35 ..\..\src\bulkeditorcontroller.cpp:192 IT: Set Volume" 
Debug: "00:23:35 ..\..\src\bulkeditorcontroller.cpp:192 IT: Set Volume" 
Debug: "00:23:35 ..\..\src\bulkeditorcontroller.cpp:192 IT: Set Volume" 
Debug: "00:23:35 ..\..\src\bulkeditorcontroller.cpp:192 IT: Set Volume" 
Debug: "00:23:35 ..\..\src\bulkeditorcontroller.cpp:192 IT: Set Volume" 
Debug: "00:23:35 ..\..\src\bulkeditorcontroller.cpp:192 IT: Set Volume" 
Debug: "00:23:35 ..\..\src\bulkeditorcontroller.cpp:192 IT: Set Volume" 
Debug: "00:23:35 ..\..\src\bulkeditorcontroller.cpp:192 IT: Set Volume" 
Debug: "00:23:35 ..\..\src\bulkeditorcontroller.cpp:192 IT: Set Volume" 
Debug: "00:23:35 ..\..\src\bulkeditorcontroller.cpp:192 IT: Set Volume" 
Debug: "00:23:35 ..\..\src\bulkeditorcontroller.cpp:192 IT: Set Volume" 
Debug: "00:23:35 ..\..\src\bulkeditorcontroller.cpp:192 IT: Set Volume" 
Debug: "00:23:35 ..\..\src\bulkeditorcontroller.cpp:192 IT: Set Volume" 
Debug: "00:23:35 ..\..\src\bulkeditorcontroller.cpp:192 IT: Set Volume" 
Debug: "00:23:35 ..\..\src\bulkeditorcontroller.cpp:192 IT: Set Volume" 
Debug: "00:23:35 ..\..\src\bulkeditorcontroller.cpp:192 IT: Set Volume" 
Debug: "00:23:35 ..\..\src\bulkeditorcontroller.cpp:192 IT: Set Volume" 
Debug: "00:23:35 ..\..\src\bulkeditorcontroller.cpp:192 IT: Set Volume" 
Debug: "00:23:35 ..\..\src\bulkeditorcontroller.cpp:192 IT: Set Volume" 
Debug: "00:23:35 ..\..\src\bulkeditorcontroller.cpp:192 IT: Set Volume" 
Debug: "00:23:35 ..\..\src\bulkeditorcontroller.cpp:192 IT: Set Volume" 
Debug: "00:23:35 ..\..\src\bulkeditorcontroller.cpp:192 IT: Set Volume" 
Debug: "00:23:35 ..\..\src\bulkeditorcontroller.cpp:192 IT: Set Volume" 
Debug: "00:23:35 ..\..\src\bulkeditorcontroller.cpp:192 IT: Set Volume" 
Debug: "00:23:35 ..\..\src\bulkeditorcontroller.cpp:192 IT: Set Volume" 
Debug: "00:23:35 ..\..\src\bulkeditorcontroller.cpp:192 IT: Set Volume" 
Debug: "00:23:35 ..\..\src\bulkeditorcontroller.cpp:192 IT: Set Volume" 
Debug: "00:23:35 ..\..\src\bulkeditorcontroller.cpp:192 IT: Set Volume" 
Debug: "00:23:35 ..\..\src\bulkeditorcontroller.cpp:192 IT: Set Volume" 
Debug: "00:23:35 ..\..\src\bulkeditorcontroller.cpp:192 IT: Set Volume" 
Debug: "00:23:35 ..\..\src\bulkeditorcontroller.cpp:192 IT: Set Volume" 
Debug: "00:23:35 ..\..\src\bulkeditorcontroller.cpp:192 IT: Set Volume" 
Debug: "00:23:35 ..\..\src\bulkeditorcontroller.cpp:192 IT: Set Volume" 
Debug: "00:23:35 ..\..\src\bulkeditorcontroller.cpp:192 IT: Set Volume" 
Debug: "00:23:35 ..\..\src\bulkeditorcontroller.cpp:192 IT: Set Volume" 
Debug: "00:23:35 ..\..\src\bulkeditorcontroller.cpp:192 IT: Set Volume" 
Debug: "00:23:35 ..\..\src\bulkeditorcontroller.cpp:192 IT: Set Volume" 
Debug: "00:23:35 ..\..\src\bulkeditorcontroller.cpp:192 IT: Set Volume" 
Debug: "00:23:35 ..\..\src\bulkeditorcontroller.cpp:192 IT: Set Volume" 
Debug: "00:23:35 ..\..\src\bulkeditorcontroller.cpp:192 IT: Set Volume" 
Debug: "00:23:35 ..\..\src\bulkeditorcontroller.cpp:192 IT: Set Volume" 
Debug: "00:23:35 ..\..\src\bulkeditorcontroller.cpp:192 IT: Set Volume" 
Debug: "00:23:35 ..\..\src\bulkeditorcontroller.cpp:192 IT: Set Volume" 
Debug: "00:23:35 ..\..\src\bulkeditorcontroller.cpp:192 IT: Set Volume" 
Debug: "00:23:35 ..\..\src\bulkeditorcontroller.cpp:192 IT: Set Volume" 
Debug: "00:23:35 ..\..\src\bulkeditorcontroller.cpp:192 IT: Set Volume" 
Debug: "00:23:35 ..\..\src\bulkeditorcontroller.cpp:192 IT: Set Volume" 
Debug: "00:23:35 ..\..\src\bulkeditorcontroller.cpp:192 IT: Set Volume" 
Debug: "00:23:35 ..\..\src\bulkeditorcontroller.cpp:192 IT: Set Volume" 
Debug: "00:23:35 ..\..\src\bulkeditorcontroller.cpp:192 IT: Set Volume" 
Debug: "00:23:35 ..\..\src\bulkeditorcontroller.cpp:192 IT: Set Volume" 
Debug: "00:23:35 ..\..\src\bulkeditorcontroller.cpp:192 IT: Set Volume" 
Debug: "00:23:35 ..\..\src\bulkeditorcontroller.cpp:192 IT: Set Volume" 
Debug: "00:23:35 ..\..\src\bulkeditorcontroller.cpp:192 IT: Set Volume" 
Debug: "00:23:35 ..\..\src\bulkeditorcontroller.cpp:192 IT: Set Volume" 
Debug: "00:23:35 ..\..\src\bulkeditorcontroller.cpp:192 IT: Set Volume" 
Debug: "00:23:35 ..\..\src\bulkeditorcontroller.cpp:192 IT: Set Volume" 
Debug: "00:23:35 ..\..\src\bulkeditorcontroller.cpp:192 IT: Set Volume" 
Debug: "00:23:35 ..\..\src\bulkeditorcontroller.cpp:192 IT: Set Volume" 
Debug: "00:23:35 ..\..\src\bulkeditorcontroller.cpp:192 IT: Set Volume" 
Debug: "00:23:35 ..\..\src\bulkeditorcontroller.cpp:192 IT: Set Volume" 
Debug: "00:23:35 ..\..\src\bulkeditorcontroller.cpp:192 IT: Set Volume" 
Debug: "00:23:35 ..\..\src\bulkeditorcontroller.cpp:192 IT: Set Volume" 
Debug: "00:23:35 ..\..\src\bulkeditorcontroller.cpp:192 IT: Set Volume" 
Debug: "00:23:35 ..\..\src\bulkeditorcontroller.cpp:192 IT: Set Volume" 
Debug: "00:23:35 ..\..\src\bulkeditorcontroller.cpp:192 IT: Set Volume" 
Debug: "00:23:35 ..\..\src\bulkeditorcontroller.cpp:192 IT: Set Volume" 
Debug: "00:23:35 ..\..\src\bulkeditorcontroller.cpp:192 IT: Set Volume" 
Debug: "00:23:35 ..\..\src\bulkeditorcontroller.cpp:192 IT: Set Volume" 
Debug: "00:23:35 ..\..\src\bulkeditorcontroller.cpp:192 IT: Set Volume" 
Debug: "00:23:35 ..\..\src\bulkeditorcontroller.cpp:192 IT: Set Volume" 
Debug: "00:23:35 ..\..\src\bulkeditorcontroller.cpp:192 IT: Set Volume" 
Debug: "00:23:35 ..\..\src\bulkeditorcontroller.cpp:192 IT: Set Volume" 
Debug: "00:23:35 ..\..\src\bulkeditorcontroller.cpp:192 IT: Set Volume" 
Debug: "00:23:35 ..\..\src\bulkeditorcontroller.cpp:192 IT: Set Volume" 
Debug: "00:23:35 ..\..\src\bulkeditorcontroller.cpp:192 IT: Set Volume" 
Debug: "00:23:35 ..\..\src\bulkeditorcontroller.cpp:192 IT: Set Volume" 
Debug: "00:23:35 ..\..\src\bulkeditorcontroller.cpp:192 IT: Set Volume" 
Debug: "00:23:35 ..\..\src\bulkeditorcontroller.cpp:192 IT: Set Volume" 
Debug: "00:23:35 ..\..\src\bulkeditorcontroller.cpp:192 IT: Set Volume" 
Debug: "00:23:35 ..\..\src\bulkeditorcontroller.cpp:192 IT: Set Volume" 
Debug: "00:23:35 ..\..\src\bulkeditorcontroller.cpp:192 IT: Set Volume" 
Debug: "00:23:35 ..\..\src\bulkeditorcontroller.cpp:192 IT: Set Volume" 
Debug: "00:23:35 ..\..\src\bulkeditorcontroller.cpp:192 IT: Set Volume" 
Debug: "00:23:35 ..\..\src\bulkeditorcontroller.cpp:192 IT: Set Volume" 
Debug: "00:23:35 ..\..\src\bulkeditorcontroller.cpp:192 IT: Set Volume" 
Debug: "00:23:35 ..\..\src\bulkeditorcontroller.cpp:192 IT: Set Volume" 
Debug: "00:23:35 ..\..\src\bulkeditorcontroller.cpp:192 IT: Set Volume" 
Debug: "00:23:35 ..\..\src\bulkeditorcontroller.cpp:192 IT: Set Volume" 
Debug: "00:23:35 ..\..\src\bulkeditorcontroller.cpp:192 IT: Set Volume" 
Debug: "00:23:35 ..\..\src\bulkeditorcontroller.cpp:192 IT: Set Volume" 
Debug: "00:23:35 ..\..\src\bulkeditorcontroller.cpp:192 IT: Set Volume" 
Debug: "00:23:35 ..\..\src\bulkeditorcontroller.cpp:192 IT: Set Volume" 
Debug: "00:23:35 ..\..\src\bulkeditorcontroller.cpp:192 IT: Set Volume" 
Debug: "00:23:35 ..\..\src\bulkeditorcontroller.cpp:192 IT: Set Volume" 
Debug: "00:23:35 ..\..\src\bulkeditorcontroller.cpp:192 IT: Set Volume" 
Debug: "00:23:35 ..\..\src\bulkeditorcontroller.cpp:192 IT: Set Volume" 
Debug: "00:23:35 ..\..\src\bulkeditorcontroller.cpp:192 IT: Set Volume" 
Debug: "00:23:35 ..\..\src\bulkeditorcontroller.cpp:192 IT: Set Volume" 
Debug: "00:23:35 ..\..\src\bulkeditorcontroller.cpp:192 IT: Set Volume" 
Debug: "00:23:35 ..\..\src\bulkeditorcontroller.cpp:192 IT: Set Volume" 
Debug: "00:23:35 ..\..\src\bulkeditorcontroller.cpp:192 IT: Set Volume" 
Debug: "00:23:35 ..\..\src\bulkeditorcontroller.cpp:192 IT: Set Volume" 
Debug: "00:23:35 ..\..\src\bulkeditorcontroller.cpp:192 IT: Set Volume" 
Debug: "00:23:35 ..\..\src\bulkeditorcontroller.cpp:192 IT: Set Volume" 
Debug: "00:23:35 ..\..\src\bulkeditorcontroller.cpp:192 IT: Set Volume" 
Debug: "00:23:35 ..\..\src\bulkeditorcontroller.cpp:192 IT: Set Volume" 
Debug: "00:23:35 ..\..\src\bulkeditorcontroller.cpp:192 IT: Set Volume" 
Debug: "00:23:35 ..\..\src\bulkeditorcontroller.cpp:192 IT: Set Volume" 
Debug: "00:23:35 ..\..\src\bulkeditorcontroller.cpp:192 IT: Set Volume" 
Debug: "00:23:35 ..\..\src\bulkeditorcontroller.cpp:192 IT: Set Volume" 
Debug: "00:23:35 ..\..\src\bulkeditorcontroller.cpp:192 IT: Set Volume" 
Debug: "00:23:35 ..\..\src\bulkeditorcontroller.cpp:192 IT: Set Volume" 
Debug: "00:23:35 ..\..\src\bulkeditorcontroller.cpp:192 IT: Set Volume" 
Debug: "00:23:35 ..\..\src\bulkeditorcontroller.cpp:192 IT: Set Volume" 
Debug: "00:23:35 ..\..\src\bulkeditorcontroller.cpp:192 IT: Set Volume" 
Debug: "00:23:35 ..\..\src\bulkeditorcontroller.cpp:192 IT: Set Volume" 
Debug: "00:23:35 ..\..\src\bulkeditorcontroller.cpp:192 IT: Set Volume" 
Debug: "00:23:35 ..\..\src\bulkeditorcontroller.cpp:192 IT: Set Volume" 
Debug: "00:23:35 ..\..\src\bulkeditorcontroller.cpp:192 IT: Set Volume" 
Debug: "00:23:35 ..\..\src\bulkeditorcontroller.cpp:192 IT: Set Volume" 
Debug: "00:23:35 ..\..\src\bulkeditorcontroller.cpp:192 IT: Set Volume" 
Debug: "00:23:35 ..\..\src\bulkeditorcontroller.cpp:192 IT: Set Volume" 
Debug: "00:23:35 ..\..\src\bulkeditorcontroller.cpp:192 IT: Set Volume" 
Debug: "00:23:35 ..\..\src\bulkeditorcontroller.cpp:192 IT: Set Volume" 
Debug: "00:23:35 ..\..\src\bulkeditorcontroller.cpp:192 IT: Set Volume" 
Debug: "00:23:35 ..\..\src\bulkeditorcontroller.cpp:192 IT: Set Volume" 
Debug: "00:23:35 ..\..\src\bulkeditorcontroller.cpp:192 IT: Set Volume" 
Debug: "00:23:35 ..\..\src\bulkeditorcontroller.cpp:192 IT: Set Volume" 
Debug: "00:23:35 ..\..\src\bulkeditorcontroller.cpp:192 IT: Set Volume" 
Debug: "00:23:35 ..\..\src\bulkeditorcontroller.cpp:192 IT: Set Volume" 
Debug: "00:23:35 ..\..\src\bulkeditorcontroller.cpp:192 IT: Set Volume" 
Debug: "00:23:35 ..\..\src\bulkeditorcontroller.cpp:192 IT: Set Volume" 
Debug: "00:23:35 ..\..\src\bulkeditorcontroller.cpp:192 IT: Set Volume" 
Debug: "00:23:35 ..\..\src\bulkeditorcontroller.cpp:192 IT: Set Volume" 
Debug: "00:23:35 ..\..\src\bulkeditorcontroller.cpp:192 IT: Set Volume" 
Debug: "00:23:35 ..\..\src\bulkeditorcontroller.cpp:192 IT: Set Volume" 
Debug: "00:23:35 ..\..\src\bulkeditorcontroller.cpp:192 IT: Set Volume" 
Debug: "00:23:35 ..\..\src\bulkeditorcontroller.cpp:192 IT: Set Volume" 
Debug: "00:23:35 ..\..\src\bulkeditorcontroller.cpp:192 IT: Set Volume" 
Debug: "00:23:35 ..\..\src\bulkeditorcontroller.cpp:192 IT: Set Volume" 
Debug: "00:23:35 ..\..\src\bulkeditorcontroller.cpp:192 IT: Set Volume" 
Debug: "00:23:35 ..\..\src\bulkeditorcontroller.cpp:192 IT: Set Volume" 
Debug: "00:23:35 ..\..\src\bulkeditorcontroller.cpp:192 IT: Set Volume" 
Debug: "00:23:35 ..\..\src\bulkeditorcontroller.cpp:192 IT: Set Volume" 
Debug: "00:23:35 ..\..\src\bulkeditorcontroller.cpp:192 IT: Set Volume" 
Debug: "00:23:35 ..\..\src\bulkeditorcontroller.cpp:192 IT: Set Volume" 
Debug: "00:23:35 ..\..\src\bulkeditorcontroller.cpp:192 IT: Set Volume" 
Debug: "00:23:35 ..\..\src\bulkeditorcontroller.cpp:192 IT: Set Volume" 
Debug: "00:23:35 ..\..\src\bulkeditorcontroller.cpp:192 IT: Set Volume" 
Debug: "00:23:35 ..\..\src\bulkeditorcontroller.cpp:192 IT: Set Volume" 
Debug: "00:23:35 ..\..\src\bulkeditorcontroller.cpp:192 IT: Set Volume" 
Debug: "00:23:35 ..\..\src\bulkeditorcontroller.cpp:192 IT: Set Volume" 
Debug: "00:23:35 ..\..\src\bulkeditorcontroller.cpp:192 IT: Set Volume" 
Debug: "00:23:35 ..\..\src\bulkeditorcontroller.cpp:192 IT: Set Volume" 
Debug: "00:23:35 ..\..\src\bulkeditorcontroller.cpp:192 IT: Set Volume" 
Debug: "00:23:35 ..\..\src\bulkeditorcontroller.cpp:192 IT: Set Volume" 
Debug: "00:23:35 ..\..\src\bulkeditorcontroller.cpp:192 IT: Set Volume" 
Debug: "00:23:35 ..\..\src\bulkeditorcontroller.cpp:192 IT: Set Volume" 
Debug: "00:23:35 ..\..\src\bulkeditorcontroller.cpp:192 IT: Set Volume" 
Debug: "00:23:35 ..\..\src\bulkeditorcontroller.cpp:192 IT: Set Volume" 
Debug: "00:23:35 ..\..\src\bulkeditorcontroller.cpp:192 IT: Set Volume" 
Debug: "00:23:35 ..\..\src\bulkeditorcontroller.cpp:192 IT: Set Volume" 
Debug: "00:23:35 ..\..\src\bulkeditorcontroller.cpp:192 IT: Set Volume" 
Debug: "00:23:35 ..\..\src\bulkeditorcontroller.cpp:192 IT: Set Volume" 
Debug: "00:23:35 ..\..\src\bulkeditorcontroller.cpp:192 IT: Set Volume" 
Debug: "00:23:35 ..\..\src\bulkeditorcontroller.cpp:192 IT: Set Volume" 
Debug: "00:23:35 ..\..\src\bulkeditorcontroller.cpp:192 IT: Set Volume" 
Debug: "00:23:35 ..\..\src\bulkeditorcontroller.cpp:192 IT: Set Volume" 
Debug: "00:23:35 ..\..\src\bulkeditorcontroller.cpp:192 IT: Set Volume" 
Debug: "00:23:35 ..\..\src\bulkeditorcontroller.cpp:192 IT: Set Volume" 
Debug: "00:23:35 ..\..\src\bulkeditorcontroller.cpp:192 IT: Set Volume" 
Debug: "00:23:35 ..\..\src\bulkeditorcontroller.cpp:192 IT: Set Volume" 
Debug: "00:23:35 ..\..\src\bulkeditorcontroller.cpp:192 IT: Set Volume" 
Debug: "00:23:35 ..\..\src\bulkeditorcontroller.cpp:192 IT: Set Volume" 
Debug: "00:23:35 ..\..\src\bulkeditorcontroller.cpp:192 IT: Set Volume" 
Debug: "00:23:35 ..\..\src\bulkeditorcontroller.cpp:192 IT: Set Volume" 
Debug: "00:23:36 ..\..\src\bulkeditorcontroller.cpp:192 IT: Set Volume" 
Debug: "00:23:36 ..\..\src\bulkeditorcontroller.cpp:192 IT: Set Volume" 
Debug: "00:23:36 ..\..\src\bulkeditorcontroller.cpp:192 IT: Set Volume" 
Debug: "00:23:36 ..\..\src\bulkeditorcontroller.cpp:192 IT: Set Volume" 
Debug: "00:23:36 ..\..\src\bulkeditorcontroller.cpp:192 IT: Set Volume" 
Debug: "00:23:36 ..\..\src\bulkeditorcontroller.cpp:192 IT: Set Volume" 
Debug: "00:23:36 ..\..\src\bulkeditorcontroller.cpp:192 IT: Set Volume" 
Debug: "00:23:36 ..\..\src\bulkeditorcontroller.cpp:192 IT: Set Volume" 
Debug: "00:23:36 ..\..\src\bulkeditorcontroller.cpp:192 IT: Set Volume" 
Debug: "00:23:36 ..\..\src\bulkeditorcontroller.cpp:192 IT: Set Volume" 
Debug: "00:23:36 ..\..\src\bulkeditorcontroller.cpp:192 IT: Set Volume" 
Debug: "00:23:36 ..\..\src\bulkeditorcontroller.cpp:192 IT: Set Volume" 
Debug: "00:23:36 ..\..\src\bulkeditorcontroller.cpp:192 IT: Set Volume" 
Debug: "00:23:36 ..\..\src\bulkeditorcontroller.cpp:192 IT: Set Volume" 
Debug: "00:23:36 ..\..\src\bulkeditorcontroller.cpp:192 IT: Set Volume" 
Debug: "00:23:36 ..\..\src\bulkeditorcontroller.cpp:192 IT: Set Volume" 
Debug: "00:23:36 ..\..\src\bulkeditorcontroller.cpp:192 IT: Set Volume" 
Debug: "00:23:36 ..\..\src\bulkeditorcontroller.cpp:192 IT: Set Volume" 
Debug: "00:23:36 ..\..\src\bulkeditorcontroller.cpp:192 IT: Set Volume" 
Debug: "00:23:36 ..\..\src\bulkeditorcontroller.cpp:192 IT: Set Volume" 
Debug: "00:23:36 ..\..\src\bulkeditorcontroller.cpp:192 IT: Set Volume" 
Debug: "00:23:36 ..\..\src\bulkeditorcontroller.cpp:192 IT: Set Volume" 
Debug: "00:23:36 ..\..\src\bulkeditorcontroller.cpp:192 IT: Set Volume" 
Debug: "00:23:36 ..\..\src\bulkeditorcontroller.cpp:192 IT: Set Volume" 
Debug: "00:23:36 ..\..\src\bulkeditorcontroller.cpp:192 IT: Set Volume" 
Debug: "00:23:36 ..\..\src\bulkeditorcontroller.cpp:192 IT: Set Volume" 
Debug: "00:23:36 ..\..\src\bulkeditorcontroller.cpp:192 IT: Set Volume" 
Debug: "00:23:36 ..\..\src\bulkeditorcontroller.cpp:192 IT: Set Volume" 
Debug: "00:23:36 ..\..\src\bulkeditorcontroller.cpp:192 IT: Set Volume" 
Debug: "00:23:36 ..\..\src\bulkeditorcontroller.cpp:192 IT: Set Volume" 
Debug: "00:23:36 ..\..\src\bulkeditorcontroller.cpp:192 IT: Set Volume" 
Debug: "00:23:36 ..\..\src\bulkeditorcontroller.cpp:192 IT: Set Volume" 
Debug: "00:23:36 ..\..\src\bulkeditorcontroller.cpp:192 IT: Set Volume" 
Debug: "00:23:36 ..\..\src\bulkeditorcontroller.cpp:192 IT: Set Volume" 
Debug: "00:23:36 ..\..\src\bulkeditorcontroller.cpp:192 IT: Set Volume" 
Debug: "00:23:36 ..\..\src\bulkeditorcontroller.cpp:192 IT: Set Volume" 
Debug: "00:23:43 ..\..\src\bulkeditorcontroller.cpp:192 IT: Set Volume" 
Debug: "00:23:43 ..\..\src\bulkeditorcontroller.cpp:192 IT: Set Volume" 
Debug: "00:23:43 ..\..\src\bulkeditorcontroller.cpp:192 IT: Set Volume" 
Debug: "00:23:43 ..\..\src\bulkeditorcontroller.cpp:192 IT: Set Volume" 
Debug: "00:23:43 ..\..\src\bulkeditorcontroller.cpp:192 IT: Set Volume" 
Debug: "00:23:43 ..\..\src\bulkeditorcontroller.cpp:192 IT: Set Volume" 
Debug: "00:23:43 ..\..\src\bulkeditorcontroller.cpp:192 IT: Set Volume" 
Debug: "00:23:43 ..\..\src\bulkeditorcontroller.cpp:192 IT: Set Volume" 
Debug: "00:23:43 ..\..\src\bulkeditorcontroller.cpp:192 IT: Set Volume" 
Debug: "00:23:43 ..\..\src\bulkeditorcontroller.cpp:192 IT: Set Volume" 
Debug: "00:23:43 ..\..\src\bulkeditorcontroller.cpp:192 IT: Set Volume" 
Debug: "00:23:43 ..\..\src\bulkeditorcontroller.cpp:192 IT: Set Volume" 
Debug: "00:23:43 ..\..\src\bulkeditorcontroller.cpp:192 IT: Set Volume" 
Debug: "00:23:43 ..\..\src\bulkeditorcontroller.cpp:192 IT: Set Volume" 
Debug: "00:23:43 ..\..\src\bulkeditorcontroller.cpp:192 IT: Set Volume" 
Debug: "00:23:43 ..\..\src\bulkeditorcontroller.cpp:192 IT: Set Volume" 
Debug: "00:23:43 ..\..\src\bulkeditorcontroller.cpp:192 IT: Set Volume" 
Debug: "00:23:43 ..\..\src\bulkeditorcontroller.cpp:192 IT: Set Volume" 
Debug: "00:23:43 ..\..\src\bulkeditorcontroller.cpp:192 IT: Set Volume" 
Debug: "00:23:43 ..\..\src\bulkeditorcontroller.cpp:192 IT: Set Volume" 
Debug: "00:23:43 ..\..\src\bulkeditorcontroller.cpp:192 IT: Set Volume" 
Debug: "00:23:43 ..\..\src\bulkeditorcontroller.cpp:192 IT: Set Volume" 
Debug: "00:23:43 ..\..\src\bulkeditorcontroller.cpp:192 IT: Set Volume" 
Debug: "00:23:43 ..\..\src\bulkeditorcontroller.cpp:192 IT: Set Volume" 
Debug: "00:23:44 ..\..\src\bulkeditorcontroller.cpp:192 IT: Set Volume" 
Debug: "00:23:44 ..\..\src\bulkeditorcontroller.cpp:192 IT: Set Volume" 
Debug: "00:23:44 ..\..\src\bulkeditorcontroller.cpp:192 IT: Set Volume" 
Debug: "00:23:44 ..\..\src\bulkeditorcontroller.cpp:192 IT: Set Volume" 
Debug: "00:23:44 ..\..\src\bulkeditorcontroller.cpp:192 IT: Set Volume" 
Debug: "00:23:44 ..\..\src\bulkeditorcontroller.cpp:192 IT: Set Volume" 
Debug: "00:23:44 ..\..\src\bulkeditorcontroller.cpp:192 IT: Set Volume" 
Debug: "00:23:44 ..\..\src\bulkeditorcontroller.cpp:192 IT: Set Volume" 
Debug: "00:23:44 ..\..\src\bulkeditorcontroller.cpp:192 IT: Set Volume" 
Debug: "00:23:44 ..\..\src\bulkeditorcontroller.cpp:192 IT: Set Volume" 
Debug: "00:23:44 ..\..\src\bulkeditorcontroller.cpp:192 IT: Set Volume" 
Debug: "00:23:44 ..\..\src\bulkeditorcontroller.cpp:192 IT: Set Volume" 
Debug: "00:23:44 ..\..\src\bulkeditorcontroller.cpp:192 IT: Set Volume" 
Debug: "00:23:44 ..\..\src\bulkeditorcontroller.cpp:192 IT: Set Volume" 
Debug: "00:23:44 ..\..\src\bulkeditorcontroller.cpp:192 IT: Set Volume" 
Debug: "00:23:44 ..\..\src\bulkeditorcontroller.cpp:192 IT: Set Volume" 
Debug: "00:23:44 ..\..\src\bulkeditorcontroller.cpp:192 IT: Set Volume" 
Debug: "00:23:44 ..\..\src\bulkeditorcontroller.cpp:192 IT: Set Volume" 
Debug: "00:23:44 ..\..\src\bulkeditorcontroller.cpp:192 IT: Set Volume" 
Debug: "00:23:44 ..\..\src\bulkeditorcontroller.cpp:192 IT: Set Volume" 
Debug: "00:23:44 ..\..\src\bulkeditorcontroller.cpp:192 IT: Set Volume" 
Debug: "00:23:44 ..\..\src\bulkeditorcontroller.cpp:192 IT: Set Volume" 
Debug: "00:23:44 ..\..\src\bulkeditorcontroller.cpp:192 IT: Set Volume" 
Debug: "00:23:44 ..\..\src\bulkeditorcontroller.cpp:192 IT: Set Volume" 
Debug: "00:23:44 ..\..\src\bulkeditorcontroller.cpp:192 IT: Set Volume" 
Debug: "00:23:44 ..\..\src\bulkeditorcontroller.cpp:192 IT: Set Volume" 
Debug: "00:23:44 ..\..\src\bulkeditorcontroller.cpp:192 IT: Set Volume" 
Debug: "00:23:44 ..\..\src\bulkeditorcontroller.cpp:192 IT: Set Volume" 
Debug: "00:23:44 ..\..\src\bulkeditorcontroller.cpp:192 IT: Set Volume" 
Debug: "00:23:44 ..\..\src\bulkeditorcontroller.cpp:192 IT: Set Volume" 
Debug: "00:23:44 ..\..\src\bulkeditorcontroller.cpp:192 IT: Set Volume" 
Debug: "00:23:44 ..\..\src\bulkeditorcontroller.cpp:192 IT: Set Volume" 
Debug: "00:23:44 ..\..\src\bulkeditorcontroller.cpp:192 IT: Set Volume" 
Debug: "00:23:44 ..\..\src\bulkeditorcontroller.cpp:192 IT: Set Volume" 
Debug: "00:23:44 ..\..\src\bulkeditorcontroller.cpp:192 IT: Set Volume" 
Debug: "00:23:44 ..\..\src\bulkeditorcontroller.cpp:192 IT: Set Volume" 
Debug: "00:23:45 ..\..\src\bulkeditorcontroller.cpp:192 IT: Set Volume" 
Debug: "00:23:45 ..\..\src\bulkeditorcontroller.cpp:192 IT: Set Volume" 
Debug: "00:23:45 ..\..\src\bulkeditorcontroller.cpp:192 IT: Set Volume" 
Debug: "00:23:45 ..\..\src\bulkeditorcontroller.cpp:192 IT: Set Volume" 
Debug: "00:23:45 ..\..\src\bulkeditorcontroller.cpp:192 IT: Set Volume" 
Debug: "00:23:45 ..\..\src\bulkeditorcontroller.cpp:192 IT: Set Volume" 
Debug: "00:23:45 ..\..\src\bulkeditorcontroller.cpp:192 IT: Set Volume" 
Debug: "00:23:45 ..\..\src\bulkeditorcontroller.cpp:192 IT: Set Volume" 
Debug: "00:23:45 ..\..\src\bulkeditorcontroller.cpp:192 IT: Set Volume" 
Debug: "00:23:45 ..\..\src\bulkeditorcontroller.cpp:192 IT: Set Volume" 
Debug: "00:23:45 ..\..\src\bulkeditorcontroller.cpp:192 IT: Set Volume" 
Debug: "00:23:45 ..\..\src\bulkeditorcontroller.cpp:192 IT: Set Volume" 
Debug: "00:23:45 ..\..\src\bulkeditorcontroller.cpp:192 IT: Set Volume" 
Debug: "00:23:45 ..\..\src\bulkeditorcontroller.cpp:192 IT: Set Volume" 
Debug: "00:23:45 ..\..\src\bulkeditorcontroller.cpp:192 IT: Set Volume" 
Debug: "00:23:45 ..\..\src\bulkeditorcontroller.cpp:192 IT: Set Volume" 
Debug: "00:23:45 ..\..\src\bulkeditorcontroller.cpp:192 IT: Set Volume" 
Debug: "00:23:45 ..\..\src\bulkeditorcontroller.cpp:192 IT: Set Volume" 
Debug: "00:23:58 ..\..\src\bulkeditorcontroller.cpp:192 IT: Set Volume" 
Debug: "00:23:58 ..\..\src\bulkeditorcontroller.cpp:192 IT: Set Volume" 
Debug: "00:23:58 ..\..\src\bulkeditorcontroller.cpp:192 IT: Set Volume" 
Debug: "00:23:58 ..\..\src\bulkeditorcontroller.cpp:192 IT: Set Volume" 
Debug: "00:23:58 ..\..\src\bulkeditorcontroller.cpp:192 IT: Set Volume" 
Debug: "00:23:58 ..\..\src\bulkeditorcontroller.cpp:192 IT: Set Volume" 
Debug: "00:23:58 ..\..\src\bulkeditorcontroller.cpp:192 IT: Set Volume" 
Debug: "00:23:58 ..\..\src\bulkeditorcontroller.cpp:192 IT: Set Volume" 
Debug: "00:23:58 ..\..\src\bulkeditorcontroller.cpp:192 IT: Set Volume" 
Debug: "00:23:58 ..\..\src\bulkeditorcontroller.cpp:192 IT: Set Volume" 
Debug: "00:23:58 ..\..\src\bulkeditorcontroller.cpp:192 IT: Set Volume" 
Debug: "00:23:58 ..\..\src\bulkeditorcontroller.cpp:192 IT: Set Volume" 
Debug: "00:23:59 ..\..\src\bulkeditorcontroller.cpp:192 IT: Set Volume" 
Debug: "00:23:59 ..\..\src\bulkeditorcontroller.cpp:192 IT: Set Volume" 
Debug: "00:23:59 ..\..\src\bulkeditorcontroller.cpp:192 IT: Set Volume" 
Debug: "00:23:59 ..\..\src\bulkeditorcontroller.cpp:192 IT: Set Volume" 
Debug: "00:23:59 ..\..\src\bulkeditorcontroller.cpp:192 IT: Set Volume" 
Debug: "00:23:59 ..\..\src\bulkeditorcontroller.cpp:192 IT: Set Volume" 
Debug: "00:23:59 ..\..\src\bulkeditorcontroller.cpp:192 IT: Set Volume" 
Debug: "00:23:59 ..\..\src\bulkeditorcontroller.cpp:192 IT: Set Volume" 
Debug: "00:23:59 ..\..\src\bulkeditorcontroller.cpp:192 IT: Set Volume" 
Debug: "00:24:00 ..\..\src\bulkeditorcontroller.cpp:192 IT: Set Volume" 
Debug: "00:24:00 ..\..\src\bulkeditorcontroller.cpp:192 IT: Set Volume" 
Debug: "00:24:00 ..\..\src\bulkeditorcontroller.cpp:192 IT: Set Volume" 
Debug: "00:24:00 ..\..\src\bulkeditorcontroller.cpp:192 IT: Set Volume" 
Debug: "00:24:00 ..\..\src\bulkeditorcontroller.cpp:192 IT: Set Volume" 
Debug: "00:24:00 ..\..\src\bulkeditorcontroller.cpp:192 IT: Set Volume" 
Debug: "00:24:01 ..\..\src\bulkeditorcontroller.cpp:192 IT: Set Volume" 
Debug: "00:24:01 ..\..\src\bulkeditorcontroller.cpp:192 IT: Set Volume" 
Debug: "00:24:01 ..\..\src\bulkeditorcontroller.cpp:192 IT: Set Volume" 
Debug: "00:24:01 ..\..\src\bulkeditorcontroller.cpp:192 IT: Set Volume" 
Debug: "00:24:02 ..\..\src\bulkeditorcontroller.cpp:192 IT: Set Volume" 
Debug: "00:24:02 ..\..\src\bulkeditorcontroller.cpp:192 IT: Set Volume" 
Debug: "00:24:02 ..\..\src\bulkeditorcontroller.cpp:192 IT: Set Volume" 
Debug: "00:24:02 ..\..\src\bulkeditorcontroller.cpp:192 IT: Set Volume" 
Debug: "00:24:02 ..\..\src\bulkeditorcontroller.cpp:192 IT: Set Volume" 
Debug: "00:24:02 ..\..\src\bulkeditorcontroller.cpp:192 IT: Set Volume" 
Debug: "00:24:02 ..\..\src\bulkeditorcontroller.cpp:192 IT: Set Volume" 
Debug: "00:24:02 ..\..\src\bulkeditorcontroller.cpp:192 IT: Set Volume" 
Debug: "00:24:02 ..\..\src\bulkeditorcontroller.cpp:192 IT: Set Volume" 
Debug: "00:24:02 ..\..\src\bulkeditorcontroller.cpp:192 IT: Set Volume" 
Debug: "00:24:02 ..\..\src\bulkeditorcontroller.cpp:192 IT: Set Volume" 
Debug: "00:24:02 ..\..\src\bulkeditorcontroller.cpp:192 IT: Set Volume" 
Debug: "00:24:02 ..\..\src\bulkeditorcontroller.cpp:192 IT: Set Volume" 
Debug: "00:24:02 ..\..\src\bulkeditorcontroller.cpp:192 IT: Set Volume" 
Debug: "00:24:03 ..\..\src\bulkeditorcontroller.cpp:192 IT: Set Volume" 
Debug: "00:24:03 ..\..\src\bulkeditorcontroller.cpp:192 IT: Set Volume" 
Debug: "00:24:03 ..\..\src\bulkeditorcontroller.cpp:192 IT: Set Volume" 
Debug: "00:24:03 ..\..\src\bulkeditorcontroller.cpp:192 IT: Set Volume" 
Debug: 
Building project 'CNTaunts'...
Debug: Building project D:\Collaborate\NS2-Community-Voices\CNTaunts\CNTaunts.fev...
Debug: Unique sound defs 1/12
Debug: Retrieving sound file info...
Debug: Retrieving reverb info...
Debug: FEV file written ok
Debug: Unique Envelope Points: 0 of 0
Debug: Unique Strings: 508 characters of 514
Debug: Caching sound file details for ''...
Debug: ..\sounds\ma\laugh0.mp3
Debug: ..\sounds\ma\laugh1.mp3
Debug: ..\sounds\ma\laugh2.mp3
Debug: ..\sounds\ma\laugh3.mp3
Debug: ..\sounds\ma\laugh4.mp3
Debug: ..\sounds\ma\laugh5.mp3
Debug: ..\sounds\otto\ALAF.mp3
Debug: ..\sounds\otto\AllIn.mp3
Debug: ..\sounds\otto\DDD0.mp3
Debug: ..\sounds\otto\HXB.mp3
Debug: ..\sounds\otto\JB.mp3
Debug: ..\sounds\otto\JCHZ0.mp3
Debug: ..\sounds\otto\JCHZ1.mp3
Debug: ..\sounds\otto\JCHZ2.mp3
Debug: ..\sounds\otto\JCHZ3.mp3
Debug: ..\sounds\otto\ONDS.mp3
Debug: ..\sounds\otto\OXG1.mp3
Debug: ..\sounds\otto\OXG2.mp3
Debug: ..\sounds\otto\OXG3.mp3
Debug: ..\sounds\otto\Speak_AXB.mp3
Debug: ..\sounds\otto\Speak_B3L.mp3
Debug: ..\sounds\otto\Speak_BZL.mp3
Debug: ..\sounds\otto\Speak_CSND.mp3
Debug: ..\sounds\otto\Speak_YYSZ.mp3
Debug: ..\sounds\otto\Speak_ZWLP.mp3
Debug: ..\sounds\otto\YBMN.mp3
Debug: ..\sounds\xuan\Aha.mp3
Debug: ..\sounds\xuan\Rea.mp3
Debug: ..\sounds\xuan\Speak_Awesome.mp3
Debug: ..\sounds\xuan\Speak_Bilibili.mp3
Debug: ..\sounds\xuan\Speak_Dog.mp3
Debug: ..\sounds\xuan\Speak_Eat.mp3
Debug: ..\sounds\xuan\Speak_Laile.mp3
Debug: ..\sounds\xuan\Speak_Macdonald.mp3
Debug: ..\sounds\xuan\Speak_Mom2.mp3
Debug: ..\sounds\xuan\ohoo.mp3
Debug: ..\sounds\xuan\ohoo1.mp3
Debug: ..\sounds\xuan\woof1.mp3
Debug: ..\sounds\xuan\woof2.mp3
Debug: ..\sounds\xuan\woof3.mp3
Debug: Building 'CNTaunts_bank.fsb'
Debug: Encoded D:\Collaborate\NS2-Community-Voices\CNTaunts\..\sounds\ma\laugh1.mp3
Debug: Encoded D:\Collaborate\NS2-Community-Voices\CNTaunts\..\sounds\ma\laugh0.mp3
Debug: Encoded D:\Collaborate\NS2-Community-Voices\CNTaunts\..\sounds\ma\laugh2.mp3
Debug: Encoded D:\Collaborate\NS2-Community-Voices\CNTaunts\..\sounds\ma\laugh3.mp3
Debug: Encoded D:\Collaborate\NS2-Community-Voices\CNTaunts\..\sounds\ma\laugh4.mp3
Debug: Encoded D:\Collaborate\NS2-Community-Voices\CNTaunts\..\sounds\otto\ALAF.mp3
Debug: Encoded D:\Collaborate\NS2-Community-Voices\CNTaunts\..\sounds\ma\laugh5.mp3
Debug: Encoded D:\Collaborate\NS2-Community-Voices\CNTaunts\..\sounds\otto\AllIn.mp3
Debug: Encoded D:\Collaborate\NS2-Community-Voices\CNTaunts\..\sounds\otto\DDD0.mp3
Debug: Encoded D:\Collaborate\NS2-Community-Voices\CNTaunts\..\sounds\otto\HXB.mp3
Debug: Encoded D:\Collaborate\NS2-Community-Voices\CNTaunts\..\sounds\otto\JB.mp3
Debug: Encoded D:\Collaborate\NS2-Community-Voices\CNTaunts\..\sounds\otto\JCHZ0.mp3
Debug: Encoded D:\Collaborate\NS2-Community-Voices\CNTaunts\..\sounds\otto\JCHZ1.mp3
Debug: Encoded D:\Collaborate\NS2-Community-Voices\CNTaunts\..\sounds\otto\JCHZ2.mp3
Debug: Encoded D:\Collaborate\NS2-Community-Voices\CNTaunts\..\sounds\otto\JCHZ3.mp3
Debug: Encoded D:\Collaborate\NS2-Community-Voices\CNTaunts\..\sounds\otto\ONDS.mp3
Debug: Encoded D:\Collaborate\NS2-Community-Voices\CNTaunts\..\sounds\otto\OXG1.mp3
Debug: Encoded D:\Collaborate\NS2-Community-Voices\CNTaunts\..\sounds\otto\OXG2.mp3
Debug: Encoded D:\Collaborate\NS2-Community-Voices\CNTaunts\..\sounds\otto\OXG3.mp3
Debug: Encoded D:\Collaborate\NS2-Community-Voices\CNTaunts\..\sounds\otto\Speak_AXB.mp3
Debug: Encoded D:\Collaborate\NS2-Community-Voices\CNTaunts\..\sounds\otto\Speak_BZL.mp3
Debug: Encoded D:\Collaborate\NS2-Community-Voices\CNTaunts\..\sounds\otto\Speak_B3L.mp3
Debug: Encoded D:\Collaborate\NS2-Community-Voices\CNTaunts\..\sounds\otto\Speak_CSND.mp3
Debug: Encoded D:\Collaborate\NS2-Community-Voices\CNTaunts\..\sounds\otto\Speak_YYSZ.mp3
Debug: Encoded D:\Collaborate\NS2-Community-Voices\CNTaunts\..\sounds\otto\YBMN.mp3
Debug: Encoded D:\Collaborate\NS2-Community-Voices\CNTaunts\..\sounds\otto\Speak_ZWLP.mp3
Debug: Encoded D:\Collaborate\NS2-Community-Voices\CNTaunts\..\sounds\xuan\Aha.mp3
Debug: Encoded D:\Collaborate\NS2-Community-Voices\CNTaunts\..\sounds\xuan\Rea.mp3
Debug: Encoded D:\Collaborate\NS2-Community-Voices\CNTaunts\..\sounds\xuan\Speak_Bilibili.mp3
Debug: Encoded D:\Collaborate\NS2-Community-Voices\CNTaunts\..\sounds\xuan\Speak_Awesome.mp3
Debug: Encoded D:\Collaborate\NS2-Community-Voices\CNTaunts\..\sounds\xuan\Speak_Dog.mp3
Debug: Encoded D:\Collaborate\NS2-Community-Voices\CNTaunts\..\sounds\xuan\Speak_Eat.mp3
Debug: Encoded D:\Collaborate\NS2-Community-Voices\CNTaunts\..\sounds\xuan\Speak_Laile.mp3
Debug: Encoded D:\Collaborate\NS2-Community-Voices\CNTaunts\..\sounds\xuan\Speak_Macdonald.mp3
Debug: Encoded D:\Collaborate\NS2-Community-Voices\CNTaunts\..\sounds\xuan\Speak_Mom2.mp3
Debug: Encoded D:\Collaborate\NS2-Community-Voices\CNTaunts\..\sounds\xuan\ohoo1.mp3
Debug: Encoded D:\Collaborate\NS2-Community-Voices\CNTaunts\..\sounds\xuan\ohoo.mp3
Debug: Encoded D:\Collaborate\NS2-Community-Voices\CNTaunts\..\sounds\xuan\woof1.mp3
Debug: Encoded D:\Collaborate\NS2-Community-Voices\CNTaunts\..\sounds\xuan\woof2.mp3
Debug: Encoded D:\Collaborate\NS2-Community-Voices\CNTaunts\..\sounds\xuan\woof3.mp3
Debug: Writing FSB...
Debug: Finished building FSB
Debug: 
Debug: 
Summary of build:
SUCCESS: D:/Collaborate/NS2-Community-Voices/CNTaunts/CNTaunts.fev
SUCCESS: CNTaunts_bank.fsb
Debug: 
Building project 'CNTaunts'...
Debug: Building project D:\Collaborate\NS2-Community-Voices\CNTaunts\CNTaunts.fev...
Debug: Unique sound defs 1/12
Debug: Retrieving sound file info...
Debug: Retrieving reverb info...
Debug: FEV file written ok
Debug: Unique Envelope Points: 0 of 0
Debug: Unique Strings: 508 characters of 514
Debug: Caching sound file details for ''...
Debug: ..\sounds\ma\laugh0.mp3
Debug: ..\sounds\ma\laugh1.mp3
Debug: ..\sounds\ma\laugh2.mp3
Debug: ..\sounds\ma\laugh3.mp3
Debug: ..\sounds\ma\laugh4.mp3
Debug: ..\sounds\ma\laugh5.mp3
Debug: ..\sounds\otto\ALAF.mp3
Debug: ..\sounds\otto\AllIn.mp3
Debug: ..\sounds\otto\DDD0.mp3
Debug: ..\sounds\otto\HXB.mp3
Debug: ..\sounds\otto\JB.mp3
Debug: ..\sounds\otto\JCHZ0.mp3
Debug: ..\sounds\otto\JCHZ1.mp3
Debug: ..\sounds\otto\JCHZ2.mp3
Debug: ..\sounds\otto\JCHZ3.mp3
Debug: ..\sounds\otto\ONDS.mp3
Debug: ..\sounds\otto\OXG1.mp3
Debug: ..\sounds\otto\OXG2.mp3
Debug: ..\sounds\otto\OXG3.mp3
Debug: ..\sounds\otto\Speak_AXB.mp3
Debug: ..\sounds\otto\Speak_B3L.mp3
Debug: ..\sounds\otto\Speak_BZL.mp3
Debug: ..\sounds\otto\Speak_CSND.mp3
Debug: ..\sounds\otto\Speak_YYSZ.mp3
Debug: ..\sounds\otto\Speak_ZWLP.mp3
Debug: ..\sounds\otto\YBMN.mp3
Debug: ..\sounds\xuan\Aha.mp3
Debug: ..\sounds\xuan\Rea.mp3
Debug: ..\sounds\xuan\Speak_Awesome.mp3
Debug: ..\sounds\xuan\Speak_Bilibili.mp3
Debug: ..\sounds\xuan\Speak_Dog.mp3
Debug: ..\sounds\xuan\Speak_Eat.mp3
Debug: ..\sounds\xuan\Speak_Laile.mp3
Debug: ..\sounds\xuan\Speak_Macdonald.mp3
Debug: ..\sounds\xuan\Speak_Mom2.mp3
Debug: ..\sounds\xuan\ohoo.mp3
Debug: ..\sounds\xuan\ohoo1.mp3
Debug: ..\sounds\xuan\woof1.mp3
Debug: ..\sounds\xuan\woof2.mp3
Debug: ..\sounds\xuan\woof3.mp3
Debug: Building 'CNTaunts_bank.fsb'
Debug: Encoded D:\Collaborate\NS2-Community-Voices\CNTaunts\..\sounds\ma\laugh0.mp3
Debug: Encoded D:\Collaborate\NS2-Community-Voices\CNTaunts\..\sounds\ma\laugh1.mp3
Debug: Encoded D:\Collaborate\NS2-Community-Voices\CNTaunts\..\sounds\ma\laugh2.mp3
Debug: Encoded D:\Collaborate\NS2-Community-Voices\CNTaunts\..\sounds\ma\laugh3.mp3
Debug: Encoded D:\Collaborate\NS2-Community-Voices\CNTaunts\..\sounds\ma\laugh4.mp3
Debug: Encoded D:\Collaborate\NS2-Community-Voices\CNTaunts\..\sounds\ma\laugh5.mp3
Debug: Encoded D:\Collaborate\NS2-Community-Voices\CNTaunts\..\sounds\otto\ALAF.mp3
Debug: Encoded D:\Collaborate\NS2-Community-Voices\CNTaunts\..\sounds\otto\AllIn.mp3
Debug: Encoded D:\Collaborate\NS2-Community-Voices\CNTaunts\..\sounds\otto\DDD0.mp3
Debug: Encoded D:\Collaborate\NS2-Community-Voices\CNTaunts\..\sounds\otto\HXB.mp3
Debug: Encoded D:\Collaborate\NS2-Community-Voices\CNTaunts\..\sounds\otto\JB.mp3
Debug: Encoded D:\Collaborate\NS2-Community-Voices\CNTaunts\..\sounds\otto\JCHZ0.mp3
Debug: Encoded D:\Collaborate\NS2-Community-Voices\CNTaunts\..\sounds\otto\JCHZ1.mp3
Debug: Encoded D:\Collaborate\NS2-Community-Voices\CNTaunts\..\sounds\otto\JCHZ2.mp3
Debug: Encoded D:\Collaborate\NS2-Community-Voices\CNTaunts\..\sounds\otto\JCHZ3.mp3
Debug: Encoded D:\Collaborate\NS2-Community-Voices\CNTaunts\..\sounds\otto\ONDS.mp3
Debug: Encoded D:\Collaborate\NS2-Community-Voices\CNTaunts\..\sounds\otto\OXG1.mp3
Debug: Encoded D:\Collaborate\NS2-Community-Voices\CNTaunts\..\sounds\otto\OXG2.mp3
Debug: Encoded D:\Collaborate\NS2-Community-Voices\CNTaunts\..\sounds\otto\OXG3.mp3
Debug: Encoded D:\Collaborate\NS2-Community-Voices\CNTaunts\..\sounds\otto\Speak_AXB.mp3
Debug: Encoded D:\Collaborate\NS2-Community-Voices\CNTaunts\..\sounds\otto\Speak_B3L.mp3
Debug: Encoded D:\Collaborate\NS2-Community-Voices\CNTaunts\..\sounds\otto\Speak_BZL.mp3
Debug: Encoded D:\Collaborate\NS2-Community-Voices\CNTaunts\..\sounds\otto\Speak_CSND.mp3
Debug: Encoded D:\Collaborate\NS2-Community-Voices\CNTaunts\..\sounds\otto\Speak_YYSZ.mp3
Debug: Encoded D:\Collaborate\NS2-Community-Voices\CNTaunts\..\sounds\otto\Speak_ZWLP.mp3
Debug: Encoded D:\Collaborate\NS2-Community-Voices\CNTaunts\..\sounds\otto\YBMN.mp3
Debug: Encoded D:\Collaborate\NS2-Community-Voices\CNTaunts\..\sounds\xuan\Aha.mp3
Debug: Encoded D:\Collaborate\NS2-Community-Voices\CNTaunts\..\sounds\xuan\Rea.mp3
Debug: Encoded D:\Collaborate\NS2-Community-Voices\CNTaunts\..\sounds\xuan\Speak_Awesome.mp3
Debug: Encoded D:\Collaborate\NS2-Community-Voices\CNTaunts\..\sounds\xuan\Speak_Bilibili.mp3
Debug: Encoded D:\Collaborate\NS2-Community-Voices\CNTaunts\..\sounds\xuan\Speak_Dog.mp3
Debug: Encoded D:\Collaborate\NS2-Community-Voices\CNTaunts\..\sounds\xuan\Speak_Eat.mp3
Debug: Encoded D:\Collaborate\NS2-Community-Voices\CNTaunts\..\sounds\xuan\Speak_Laile.mp3
Debug: Encoded D:\Collaborate\NS2-Community-Voices\CNTaunts\..\sounds\xuan\Speak_Macdonald.mp3
Debug: Encoded D:\Collaborate\NS2-Community-Voices\CNTaunts\..\sounds\xuan\Speak_Mom2.mp3
Debug: Encoded D:\Collaborate\NS2-Community-Voices\CNTaunts\..\sounds\xuan\ohoo.mp3
Debug: Encoded D:\Collaborate\NS2-Community-Voices\CNTaunts\..\sounds\xuan\ohoo1.mp3
Debug: Encoded D:\Collaborate\NS2-Community-Voices\CNTaunts\..\sounds\xuan\woof1.mp3
Debug: Encoded D:\Collaborate\NS2-Community-Voices\CNTaunts\..\sounds\xuan\woof2.mp3
Debug: Encoded D:\Collaborate\NS2-Community-Voices\CNTaunts\..\sounds\xuan\woof3.mp3
Debug: Writing FSB...
Debug: Finished building FSB
Debug: 
Debug: 
Summary of build:
SUCCESS: D:/Collaborate/NS2-Community-Voices/CNTaunts/CNTaunts.fev
SUCCESS: CNTaunts_bank.fsb
